#
# There is insufficient memory for the Java Runtime Environment to continue.
# Native memory allocation (malloc) failed to allocate 1048576 bytes for AllocateHeap
# Possible reasons:
#   The system is out of physical RAM or swap space
#   The process is running with CompressedOops enabled, and the Java Heap may be blocking the growth of the native heap
# Possible solutions:
#   Reduce memory load on the system
#   Increase physical memory or swap space
#   Check if swap backing store is full
#   Decrease Java heap size (-Xmx/-Xms)
#   Decrease number of Java threads
#   Decrease Java thread stack sizes (-Xss)
#   Set larger code cache with -XX:ReservedCodeCacheSize=
#   JVM is running with Unscaled Compressed Oops mode in which the Java heap is
#     placed in the first 4GB address space. The Java Heap base address is the
#     maximum limit for the native heap growth. Please use -XX:HeapBaseMinAddress
#     to set the Java Heap base and to place the Java Heap above 4GB virtual address.
# This output file may be truncated or incomplete.
#
#  Out of Memory Error (memory/allocation.inline.hpp:61), pid=13108, tid=0x00000000000033a4
#
# JRE version:  (8.0_241-b07) (build )
# Java VM: Java HotSpot(TM) 64-Bit Server VM (25.241-b07 mixed mode windows-amd64 compressed oops)
# Failed to write core dump. Minidumps are not enabled by default on client versions of Windows
#

---------------  T H R E A D  ---------------

Current thread (0x00000000029ee000):  JavaThread "Unknown thread" [_thread_in_vm, id=13220, stack(0x00000000029f0000,0x0000000002af0000)]

Stack: [0x00000000029f0000,0x0000000002af0000]
[error occurred during error reporting (printing stack bounds), id 0xc0000005]

Native frames: (J=compiled Java code, j=interpreted, Vv=VM code, C=native code)


---------------  P R O C E S S  ---------------

Java Threads: ( => current thread )

Other Threads:

=>0x00000000029ee000 (exited) JavaThread "Unknown thread" [_thread_in_vm, id=13220, stack(0x00000000029f0000,0x0000000002af0000)]

VM state:not at safepoint (normal execution)

VM Mutex/Monitor currently owned by a thread: None

heap address: 0x0000000080e00000, size: 2034 MB, Compressed Oops mode: 32-bit
Narrow klass base: 0x0000000000000000, Narrow klass shift: 3
Compressed class space size: 1073741824 Address: 0x0000000100000000

Heap:
 PSYoungGen      total 38400K, used 665K [0x00000000d5a00000, 0x00000000d8480000, 0x0000000100000000)
  eden space 33280K, 2% used [0x00000000d5a00000,0x00000000d5aa6670,0x00000000d7a80000)
  from space 5120K, 0% used [0x00000000d7f80000,0x00000000d7f80000,0x00000000d8480000)
  to   space 5120K, 0% used [0x00000000d7a80000,0x00000000d7a80000,0x00000000d7f80000)
 ParOldGen       total 87552K, used 0K [0x0000000080e00000, 0x0000000086380000, 0x00000000d5a00000)
  object space 87552K, 0% used [0x0000000080e00000,0x0000000080e00000,0x0000000086380000)
 Metaspace       used 752K, capacity 4480K, committed 4480K, reserved 1056768K
  class space    used 76K, capacity 384K, committed 384K, reserved 1048576K

Card table byte_map: [0x0000000011fb0000,0x00000000123b0000] byte_map_base: 0x0000000011ba9000

Marking Bits: (ParMarkBitMap*) 0x000000006662be30
 Begin Bits: [0x0000000012a60000, 0x0000000014a28000)
 End Bits:   [0x0000000014a28000, 0x00000000169f0000)

Polling page: 0x0000000000d10000

CodeCache: size=245760Kb used=328Kb max_used=328Kb free=245431Kb
 bounds [0x0000000002bf0000, 0x0000000002e60000, 0x0000000011bf0000]
 total_blobs=58 nmethods=0 adapters=38
 compilation: enabled

Compilation events (0 events):
No events

GC Heap History (0 events):
No events

Deoptimization events (0 events):
No events

Classes redefined (0 events):
No events

Internal exceptions (0 events):
No events

Events (10 events):
Event: 0.029 loading class java/lang/Short
Event: 0.029 loading class java/lang/Short done
Event: 0.029 loading class java/lang/Integer
Event: 0.029 loading class java/lang/Integer done
Event: 0.029 loading class java/lang/Long
Event: 0.030 loading class java/lang/Long done
Event: 0.032 loading class java/lang/NullPointerException
Event: 0.032 loading class java/lang/NullPointerException done
Event: 0.032 loading class java/lang/ArithmeticException
Event: 0.032 loading class java/lang/ArithmeticException done


Dynamic libraries:
0x00007ff773230000 - 0x00007ff773267000 	E:\JavaJRE\bin\javaw.exe
0x00007ffbe7270000 - 0x00007ffbe7451000 	C:\WINDOWS\SYSTEM32\ntdll.dll
0x00007ffbe5b00000 - 0x00007ffbe5bb1000 	C:\WINDOWS\System32\KERNEL32.DLL
0x00007ffbe37c0000 - 0x00007ffbe3a33000 	C:\WINDOWS\System32\KERNELBASE.dll
0x00007ffbe4910000 - 0x00007ffbe49b1000 	C:\WINDOWS\System32\ADVAPI32.dll
0x00007ffbe71a0000 - 0x00007ffbe723e000 	C:\WINDOWS\System32\msvcrt.dll
0x00007ffbe5170000 - 0x00007ffbe51cb000 	C:\WINDOWS\System32\sechost.dll
0x00007ffbe4b90000 - 0x00007ffbe4cb4000 	C:\WINDOWS\System32\RPCRT4.dll
0x00007ffbe46f0000 - 0x00007ffbe4880000 	C:\WINDOWS\System32\USER32.dll
0x00007ffbe4390000 - 0x00007ffbe43b0000 	C:\WINDOWS\System32\win32u.dll
0x00007ffbe5d20000 - 0x00007ffbe5d48000 	C:\WINDOWS\System32\GDI32.dll
0x00007ffbe3620000 - 0x00007ffbe37b1000 	C:\WINDOWS\System32\gdi32full.dll
0x00007ffbe3a40000 - 0x00007ffbe3adf000 	C:\WINDOWS\System32\msvcp_win.dll
0x00007ffbe45f0000 - 0x00007ffbe46e8000 	C:\WINDOWS\System32\ucrtbase.dll
0x00007ffbc96d0000 - 0x00007ffbc9939000 	C:\WINDOWS\WinSxS\amd64_microsoft.windows.common-controls_6595b64144ccf1df_6.0.17134.1488_none_d4038d277c8d0b7d\COMCTL32.dll
0x00007ffbe55f0000 - 0x00007ffbe5911000 	C:\WINDOWS\System32\combase.dll
0x00007ffbe4310000 - 0x00007ffbe4389000 	C:\WINDOWS\System32\bcryptPrimitives.dll
0x00007ffbe5a20000 - 0x00007ffbe5a4d000 	C:\WINDOWS\System32\IMM32.DLL
0x0000000066a10000 - 0x0000000066ae2000 	E:\JavaJRE\bin\msvcr100.dll
0x0000000065e00000 - 0x00000000666ac000 	E:\JavaJRE\bin\server\jvm.dll
0x00007ffbe4880000 - 0x00007ffbe4888000 	C:\WINDOWS\System32\PSAPI.DLL
0x00007ffbc9950000 - 0x00007ffbc9959000 	C:\WINDOWS\SYSTEM32\WSOCK32.dll
0x00007ffbe5580000 - 0x00007ffbe55ec000 	C:\WINDOWS\System32\WS2_32.dll
0x00007ffbe1290000 - 0x00007ffbe12b3000 	C:\WINDOWS\SYSTEM32\WINMM.dll
0x00007ffbdb120000 - 0x00007ffbdb12a000 	C:\WINDOWS\SYSTEM32\VERSION.dll
0x00007ffbe10c0000 - 0x00007ffbe10ea000 	C:\WINDOWS\SYSTEM32\WINMMBASE.dll
0x00007ffbe43b0000 - 0x00007ffbe43f9000 	C:\WINDOWS\System32\cfgmgr32.dll
0x00007ffbdffd0000 - 0x00007ffbdffdf000 	E:\JavaJRE\bin\verify.dll
0x00007ffbdc590000 - 0x00007ffbdc5b9000 	E:\JavaJRE\bin\java.dll
0x00007ffbdfe70000 - 0x00007ffbdfe86000 	E:\JavaJRE\bin\zip.dll

VM Arguments:
jvm_args: -Dfile.encoding=Cp1250 
java_command: controller.GameRunner
java_class_path (initial): E:\ECLIPSE.WORKSPACE2\Heartloc\Heartloc\bin
Launcher Type: SUN_STANDARD

Environment Variables:
PATH=E:/JavaJRE/bin/server;E:/JavaJRE/bin;E:/JavaJRE/lib/amd64;C:\Program Files (x86)\Common Files\Oracle\Java\javapath;C:\WINDOWS\system32;C:\WINDOWS;C:\WINDOWS\System32\Wbem;C:\WINDOWS\System32\WindowsPowerShell\v1.0\;C:\Program Files (x86)\NVIDIA Corporation\PhysX\Common;C:\Program Files\Common Files\Autodesk Shared\;C:\WINDOWS\system32;C:\WINDOWS;C:\WINDOWS\System32\Wbem;C:\WINDOWS\System32\WindowsPowerShell\v1.0\;C:\WINDOWS\System32\OpenSSH\;E:\PuTTY\;C:\Program Files\dotnet\;C:\Program Files\Microsoft SQL Server\130\Tools\Binn\;C:\Users\Felhasználó\AppData\Local\Microsoft\WindowsApps;E:\Valent_asdasd\CIRCLE;E:\doxygen\bin;E:\intelliJ\IntelliJ IDEA Community Edition 2019.2.3\bin;E:\circle;E:\vagrant\bin;C:\Users\Felhasználó\AppData\Local\Programs\Python\Python38-32\Scripts\;C:\Users\Felhasználó\AppData\Local\Programs\Python\Python38-32\;C:\Users\Felhasználó\AppData\Local\GitHubDesktop\bin;C:\Users\Felhasználó\AppData\Local\atom\bin;C:\Python27\Scripts;E:\git\Git\cmd;C:\Program Files\Microsoft SQL Server\Client SDK\ODBC\170\Tools\Binn\;C:\Users\Felhasználó\AppData\Local\Programs\Python\Python38-32\Scripts\;C:\Users\Felhasználó\AppData\Local\Programs\Python\Python38-32\;C:\Users\Felhasználó\AppData\Local\Microsoft\WindowsApps;E:\intelliJ\IntelliJ IDEA Community Edition 2019.2.3\bin;C:\Users\Felhasználó\AppData\Local\GitHubDesktop\bin;C:\Users\Felhasználó\AppData\Local\atom\bin;C:\WINDOWS\System32;
USERNAME=Felhasználó
OS=Windows_NT
PROCESSOR_IDENTIFIER=Intel64 Family 6 Model 158 Stepping 9, GenuineIntel



---------------  S Y S T E M  ---------------

OS: Windows 10.0 , 64 bit Build 17134 (10.0.17134.1425)

CPU:total 4 (initial active 4) (4 cores per cpu, 1 threads per core) family 6 model 158 stepping 9, cmov, cx8, fxsr, mmx, sse, sse2, sse3, ssse3, sse4.1, sse4.2, popcnt, avx, avx2, aes, clmul, erms, rtm, 3dnowpref, lzcnt, tsc, tscinvbit, bmi1, bmi2, adx

Memory: 4k page, physical 8323700k(2001712k free), swap 25100916k(6016k free)

vm_info: Java HotSpot(TM) 64-Bit Server VM (25.241-b07) for windows-amd64 JRE (1.8.0_241-b07), built on Dec 11 2019 10:21:40 by "rejava" with MS VC++ 10.0 (VS2010)

time: Sun May 17 21:26:06 2020
timezone: Central Europe Daylight Time
elapsed time: 0 seconds (0d 0h 0m 0s)

